2025-06-29 10:12:42,794 - INFO - Starting job offer clustering script
2025-06-29 10:12:42,798 - INFO - Use pytorch device_name: cpu
2025-06-29 10:12:42,799 - INFO - Load pretrained SentenceTransformer: all-MiniLM-L6-v2
2025-06-29 10:12:45,174 - INFO - JobOfferClusterer initialized with embedding model
2025-06-29 10:12:45,174 - INFO - Starting job offer processing pipeline
2025-06-29 10:12:45,174 - INFO - Loading data from processed_parse_jobs.json
2025-06-29 10:12:45,175 - INFO - Successfully loaded 4 job offers
2025-06-29 10:12:45,176 - INFO - Starting data preprocessing
2025-06-29 10:12:47,835 - INFO - Data preprocessing completed
2025-06-29 10:12:47,836 - INFO - Generating embeddings for 4 texts
2025-06-29 10:12:47,938 - INFO - Embeddings generated successfully
2025-06-29 10:12:47,938 - INFO - Starting clustering with DBSCAN
2025-06-29 10:12:47,940 - INFO - Clustering completed. Found 1 clusters
2025-06-29 10:12:47,943 - INFO - Cluster distribution: {0: 4}
2025-06-29 10:12:47,944 - INFO - Generating cluster summaries
2025-06-29 10:12:47,945 - INFO - Extracting top 10 keywords from 4 texts
2025-06-29 10:12:47,947 - INFO - Generated summaries for 1 clusters
2025-06-29 10:12:47,947 - INFO - Creating t-SNE visualization
2025-06-29 10:12:47,947 - INFO - Running t-SNE dimensionality reduction...
2025-06-29 10:12:47,947 - ERROR - Visualization failed: perplexity (30.0) must be less than n_samples (4)
2025-06-29 10:12:47,947 - ERROR - Processing pipeline failed: perplexity (30.0) must be less than n_samples (4)
2025-06-29 10:12:47,947 - CRITICAL - Script failed: perplexity (30.0) must be less than n_samples (4)
Traceback (most recent call last):
  File "F:\JobOfferClusterer\main.py", line 228, in <module>
    results = clusterer.process_job_offers('processed_parse_jobs.json')
              ^^^^^^^^^^^^^^^^^^^^^^^^^^^^^^^^^^^^^^^^^^^^^^^^^^^^^^^^^
  File "F:\JobOfferClusterer\main.py", line 204, in process_job_offers
    self.visualize_clusters(embeddings, clusters)
  File "F:\JobOfferClusterer\main.py", line 160, in visualize_clusters
    embeddings_2d = tsne.fit_transform(embeddings)
                    ^^^^^^^^^^^^^^^^^^^^^^^^^^^^^^
  File "C:\Users\luisg\AppData\Local\Programs\Python\Python312\Lib\site-packages\sklearn\utils\_set_output.py", line 316, in wrapped
    data_to_wrap = f(self, X, *args, **kwargs)
                   ^^^^^^^^^^^^^^^^^^^^^^^^^^^
  File "C:\Users\luisg\AppData\Local\Programs\Python\Python312\Lib\site-packages\sklearn\base.py", line 1363, in wrapper
    return fit_method(estimator, *args, **kwargs)
           ^^^^^^^^^^^^^^^^^^^^^^^^^^^^^^^^^^^^^^
  File "C:\Users\luisg\AppData\Local\Programs\Python\Python312\Lib\site-packages\sklearn\manifold\_t_sne.py", line 1143, in fit_transform
    self._check_params_vs_input(X)
  File "C:\Users\luisg\AppData\Local\Programs\Python\Python312\Lib\site-packages\sklearn\manifold\_t_sne.py", line 847, in _check_params_vs_input
    raise ValueError(
ValueError: perplexity (30.0) must be less than n_samples (4)
2025-06-29 10:12:47,949 - INFO - Script execution completed
