[2025-06-29 10:00:11] [INFO] Starting dependency installation for Job Offer Clusterer
[2025-06-29 10:00:11] [INFO] Checking Python installation...
[2025-06-29 10:00:11] [INFO] Detected Python 3.12.10
[2025-06-29 10:00:11] [INFO] Detected pip 25.1.1 from C:\Users\luisg\AppData\Local\Programs\Python\Python312\Lib\site-packages\pip (python 3.12)
[2025-06-29 10:00:11] [INFO] Installing 9 Python packages...
[2025-06-29 10:00:11] [INFO] Installing pandas...
[2025-06-29 10:00:13] [SUCCESS] Successfully installed pandas
[2025-06-29 10:00:13] [INFO] Installing numpy...
[2025-06-29 10:00:14] [SUCCESS] Successfully installed numpy
[2025-06-29 10:00:14] [INFO] Installing nltk...
[2025-06-29 10:00:16] [SUCCESS] Successfully installed nltk
[2025-06-29 10:00:16] [INFO] Installing scikit-learn...
[2025-06-29 10:00:17] [SUCCESS] Successfully installed scikit-learn
[2025-06-29 10:00:17] [INFO] Installing sentence-transformers...
[2025-06-29 10:00:19] [SUCCESS] Successfully installed sentence-transformers
[2025-06-29 10:00:19] [INFO] Installing matplotlib...
[2025-06-29 10:00:20] [SUCCESS] Successfully installed matplotlib
[2025-06-29 10:00:20] [INFO] Installing seaborn...
[2025-06-29 10:00:21] [SUCCESS] Successfully installed seaborn
[2025-06-29 10:00:21] [INFO] Installing plotly...
[2025-06-29 10:00:22] [SUCCESS] Successfully installed plotly
[2025-06-29 10:00:22] [INFO] Installing tqdm...
[2025-06-29 10:00:24] [SUCCESS] Successfully installed tqdm
[2025-06-29 10:00:24] [INFO] Downloading NLTK datasets (stopwords and wordnet)...
[2025-06-29 10:00:26] [SUCCESS] NLTK data downloaded successfully
[2025-06-29 10:00:26] [INFO] Verifying all required packages are installed...
[2025-06-29 10:00:36] [INFO] Installation process completed
